TN:
SF:/Users/amit12/code/react-redux-boilerplate/app/components/Loading/index.js
FN:4,(anonymous_0)
FNF:1
FNH:0
FNDA:0,(anonymous_0)
DA:4,1
DA:5,0
LF:2
LH:1
BRF:0
BRH:0
end_of_record
TN:
SF:/Users/amit12/code/react-redux-boilerplate/test/jestsetup.js
FN:9,(anonymous_0)
FNF:1
FNH:0
FNDA:0,(anonymous_0)
DA:3,1
DA:4,1
DA:5,1
DA:7,1
DA:9,1
DA:10,0
LF:6
LH:5
BRF:0
BRH:0
end_of_record
TN:
SF:/Users/amit12/code/react-redux-boilerplate/tools/jest/styleMock.js
FNF:0
FNH:0
DA:2,1
LF:1
LH:1
BRF:0
BRH:0
end_of_record
